2018-05-24 01:28:08.086  INFO 12284 --- [restartedMain] nc.project.network.NetworkApplication    : Starting NetworkApplication on DESKTOP-R8GRSS7 with PID 12284 (C:\Users\work\Documents\GitHub\network\target\classes started by work in C:\Users\work\Documents\GitHub\network)
2018-05-24 01:28:08.094  INFO 12284 --- [restartedMain] nc.project.network.NetworkApplication    : The following profiles are active: production
2018-05-24 01:28:08.195  INFO 12284 --- [restartedMain] ConfigServletWebServerApplicationContext : Refreshing org.springframework.boot.web.servlet.context.AnnotationConfigServletWebServerApplicationContext@2ef6a88d: startup date [Thu May 24 01:28:08 SAMT 2018]; root of context hierarchy
2018-05-24 01:28:10.305  INFO 12284 --- [restartedMain] trationDelegate$BeanPostProcessorChecker : Bean 'org.springframework.transaction.annotation.ProxyTransactionManagementConfiguration' of type [org.springframework.transaction.annotation.ProxyTransactionManagementConfiguration$$EnhancerBySpringCGLIB$$3ee1d0e8] is not eligible for getting processed by all BeanPostProcessors (for example: not eligible for auto-proxying)
2018-05-24 01:28:10.781  INFO 12284 --- [restartedMain] o.s.b.w.embedded.tomcat.TomcatWebServer  : Tomcat initialized with port(s): 8080 (http)
2018-05-24 01:28:10.810  INFO 12284 --- [restartedMain] o.apache.catalina.core.StandardService   : Starting service [Tomcat]
2018-05-24 01:28:10.810  INFO 12284 --- [restartedMain] org.apache.catalina.core.StandardEngine  : Starting Servlet Engine: Apache Tomcat/8.5.29
2018-05-24 01:28:10.820  INFO 12284 --- [localhost-startStop-1] o.a.catalina.core.AprLifecycleListener   : The APR based Apache Tomcat Native library which allows optimal performance in production environments was not found on the java.library.path: [C:\Program Files\Java\jdk-10\bin;C:\WINDOWS\Sun\Java\bin;C:\WINDOWS\system32;C:\WINDOWS;C:\Program Files\Microsoft HPC Pack 2008 SDK\Bin\;C:\ProgramData\Oracle\Java\javapath;C:\Program Files\Microsoft MPI\Bin\;C:\WINDOWS\system32;C:\WINDOWS;C:\WINDOWS\System32\Wbem;C:\WINDOWS\System32\WindowsPowerShell\v1.0\;C:\Program Files\Microsoft SQL Server\130\Tools\Binn\;C:\Program Files\dotnet\;C:\Program Files\Anaconda3;C:\Program Files\Anaconda3\Scripts;C:\Program Files\Anaconda3\Library\bin;C:\Program Files (x86)\NVIDIA Corporation\PhysX\Common;F:\matlab\runtime\win64;F:\matlab\bin;C:\WINDOWS\system32;C:\WINDOWS;C:\WINDOWS\System32\Wbem;C:\WINDOWS\System32\WindowsPowerShell\v1.0\;C:\HashiCorp\Vagrant\bin;C:\Program Files\PuTTY\;C:\Program Files\Git\cmd;C:\WINDOWS\System32\OpenSSH\;C:\Users\work\AppData\Local\Microsoft\WindowsApps;C:\Users\work\AppData\Local\GitHubDesktop\bin;.]
2018-05-24 01:28:10.922  INFO 12284 --- [localhost-startStop-1] o.a.c.c.C.[Tomcat].[localhost].[/]       : Initializing Spring embedded WebApplicationContext
2018-05-24 01:28:11.080  INFO 12284 --- [localhost-startStop-1] o.s.b.w.servlet.FilterRegistrationBean   : Mapping filter: 'characterEncodingFilter' to: [/*]
2018-05-24 01:28:11.081  INFO 12284 --- [localhost-startStop-1] o.s.b.w.servlet.FilterRegistrationBean   : Mapping filter: 'hiddenHttpMethodFilter' to: [/*]
2018-05-24 01:28:11.081  INFO 12284 --- [localhost-startStop-1] o.s.b.w.servlet.FilterRegistrationBean   : Mapping filter: 'httpPutFormContentFilter' to: [/*]
2018-05-24 01:28:11.081  INFO 12284 --- [localhost-startStop-1] o.s.b.w.servlet.FilterRegistrationBean   : Mapping filter: 'requestContextFilter' to: [/*]
2018-05-24 01:28:11.082  INFO 12284 --- [localhost-startStop-1] .s.DelegatingFilterProxyRegistrationBean : Mapping filter: 'springSecurityFilterChain' to: [/*]
2018-05-24 01:28:11.083  INFO 12284 --- [localhost-startStop-1] o.s.b.w.servlet.ServletRegistrationBean  : Servlet dispatcherServlet mapped to [/]
2018-05-24 01:28:11.084  INFO 12284 --- [localhost-startStop-1] o.s.b.w.servlet.ServletRegistrationBean  : Servlet webServlet mapped to [/h2-console/*]
2018-05-24 01:28:11.247  INFO 12284 --- [restartedMain] com.zaxxer.hikari.HikariDataSource       : HikariPool-1 - Starting...
2018-05-24 01:28:11.389  INFO 12284 --- [restartedMain] com.zaxxer.hikari.HikariDataSource       : HikariPool-1 - Start completed.
2018-05-24 01:28:11.438  INFO 12284 --- [restartedMain] j.LocalContainerEntityManagerFactoryBean : Building JPA container EntityManagerFactory for persistence unit 'default'
2018-05-24 01:28:12.694  INFO 12284 --- [restartedMain] j.LocalContainerEntityManagerFactoryBean : Initialized JPA EntityManagerFactory for persistence unit 'default'
2018-05-24 01:28:13.722  INFO 12284 --- [restartedMain] o.s.s.web.DefaultSecurityFilterChain     : Creating filter chain: org.springframework.security.web.util.matcher.AnyRequestMatcher@1, [org.springframework.security.web.context.request.async.WebAsyncManagerIntegrationFilter@16d08a02, org.springframework.security.web.context.SecurityContextPersistenceFilter@68d4b750, org.springframework.security.web.header.HeaderWriterFilter@59c09ffa, org.springframework.security.web.csrf.CsrfFilter@260273ec, org.springframework.security.web.authentication.logout.LogoutFilter@7ee16a65, org.springframework.security.web.authentication.UsernamePasswordAuthenticationFilter@47a54fc1, org.springframework.security.web.savedrequest.RequestCacheAwareFilter@f0641e0, org.springframework.security.web.servletapi.SecurityContextHolderAwareRequestFilter@72c6e19e, org.springframework.security.web.authentication.AnonymousAuthenticationFilter@1e4bbc40, org.springframework.security.web.session.SessionManagementFilter@6eb7c837, org.springframework.security.web.access.ExceptionTranslationFilter@1522c29c, org.springframework.security.web.access.intercept.FilterSecurityInterceptor@5ecbb236]
2018-05-24 01:28:14.001  WARN 12284 --- [restartedMain] aWebConfiguration$JpaWebMvcConfiguration : spring.jpa.open-in-view is enabled by default. Therefore, database queries may be performed during view rendering. Explicitly configure spring.jpa.open-in-view to disable this warning
2018-05-24 01:28:14.500  INFO 12284 --- [restartedMain] o.s.b.d.a.OptionalLiveReloadServer       : LiveReload server is running on port 35729
2018-05-24 01:28:14.526  INFO 12284 --- [restartedMain] o.s.j.e.a.AnnotationMBeanExporter        : Registering beans for JMX exposure on startup
2018-05-24 01:28:14.529  INFO 12284 --- [restartedMain] o.s.j.e.a.AnnotationMBeanExporter        : Bean with name 'dataSource' has been autodetected for JMX exposure
2018-05-24 01:28:14.536  INFO 12284 --- [restartedMain] o.s.j.e.a.AnnotationMBeanExporter        : Located MBean 'dataSource': registering with JMX server as MBean [com.zaxxer.hikari:name=dataSource,type=HikariDataSource]
2018-05-24 01:28:14.571  INFO 12284 --- [restartedMain] o.s.b.w.embedded.tomcat.TomcatWebServer  : Tomcat started on port(s): 8080 (http) with context path ''
2018-05-24 01:28:14.576  INFO 12284 --- [restartedMain] nc.project.network.NetworkApplication    : Started NetworkApplication in 7.179 seconds (JVM running for 7.928)
